Arguments: 
  /usr/local/bin/node /usr/local/Cellar/yarn/1.17.0/libexec/bin/yarn.js

PATH: 
  /usr/local/bin:/usr/bin:/bin:/usr/sbin:/sbin:/usr/local/opt/mysql@5.7/bin:/Users/rbk-3/Library/Android/sdk/emulator:/Users/rbk-3/Library/Android/sdk/tools:/Users/rbk-3/Library/Android/sdk/tools/bin:/Users/rbk-3/Library/Android/sdk/platform-tools:/usr/local/opt/mysql@5.7/bin:/Users/rbk-3/Library/Android/sdk/emulator:/Users/rbk-3/Library/Android/sdk/tools:/Users/rbk-3/Library/Android/sdk/tools/bin:/Users/rbk-3/Library/Android/sdk/platform-tools

Yarn version: 
  1.17.0

Node version: 
  10.15.3

Platform: 
  darwin x64

Trace: 
  Error: https://registry.yarnpkg.com/react-native-maps/-/react-native-maps-0.24.2.tgz: unexpected end of file
      at Zlib.zlibOnError [as onerror] (zlib.js:154:17)

npm manifest: 
  {
  	"main": "node_modules/expo/AppEntry.js",
  	"scripts": {
  		"start": "expo start",
  		"android": "expo start --android",
  		"ios": "expo start --ios",
  		"web": "expo start --web",
  		"eject": "expo eject",
  		"server": "nodemon server/server.js"
  	},
  	"dependencies": {
  		"body-parser": "^1.19.0",
  		"expo": "^33.0.0",
  		"express": "^4.17.1",
  		"firebase": "^6.1.1",
  		"jsonwebtoken": "^8.5.1",
  		"mysql2": "^1.6.5",
  		"react": "16.8.3",
  		"react-dom": "^16.8.6",
  		"react-native": "https://github.com/expo/react-native/archive/sdk-33.0.0.tar.gz",
  		"react-native-elements": "^1.1.0",
  		"react-native-fetch-blob": "^0.10.8",
  		"react-native-material-menu": "^0.6.0",
  		"react-native-router-flux": "^4.0.6",
  		"react-native-simple-radio-button": "^2.7.3",
  		"react-native-vector-icons": "^6.5.0",
  		"react-native-web": "^0.11.4",
  		"rn-fetch-blob": "^0.10.15",
  		"sequelize": "^5.8.8",
  		"uuid": "^3.3.2"
  	},
  	"devDependencies": {
  		"babel-preset-expo": "^5.1.1"
  	},
  	"private": true
  }

yarn manifest: 
  No manifest

Lockfile: 
  No lockfile
